<?xml version="1.0" encoding="UTF-8"?>
<!-- Generated by org.testng.reporters.JUnitReportReporter -->
<testsuite hostname="YASHWANTH" failures="0" tests="1" name="skill.testscript3" time="5.184" errors="0" timestamp="2023-04-07T21:08:22 IST" skipped="0">
  <testcase classname="skill.testscript3" name="test1" time="5.184"/>
  <system-out/>
</testsuite> <!-- skill.testscript3 -->
