<?xml version="1.0" encoding="UTF-8"?>
<!-- Generated by org.testng.reporters.JUnitReportReporter -->
<testsuite hostname="YASHWANTH" failures="0" tests="1" name="skill.testscript" time="3.299" errors="0" timestamp="2023-04-04T13:28:27 IST" skipped="0">
  <testcase classname="skill.testscript" name="test1" time="3.299"/>
  <system-out/>
</testsuite> <!-- skill.testscript -->
