<?xml version="1.0" encoding="UTF-8"?>
<!-- Generated by org.testng.reporters.JUnitReportReporter -->
<testsuite hostname="YASHWANTH" failures="0" tests="1" name="skill.testscript1" time="2.416" errors="0" timestamp="2023-04-05T12:34:50 IST" skipped="0">
  <testcase classname="skill.testscript1" name="test1" time="2.416"/>
  <system-out/>
</testsuite> <!-- skill.testscript1 -->
