<?xml version="1.0" encoding="UTF-8"?>
<!-- Generated by org.testng.reporters.JUnitReportReporter -->
<testsuite hostname="YASHWANTH" failures="0" tests="1" name="skill.testscript4" time="6.184" errors="0" timestamp="2023-09-03T14:17:43 IST" skipped="0">
  <testcase classname="skill.testscript4" name="test1" time="6.184"/>
  <system-out/>
</testsuite> <!-- skill.testscript4 -->
