<?xml version="1.0" encoding="UTF-8"?>
<!-- Generated by org.testng.reporters.JUnitReportReporter -->
<testsuite hostname="YASHWANTH" failures="0" tests="1" name="skill.testscript1" time="3.939" errors="0" timestamp="2023-05-15T13:05:21 IST" skipped="0">
  <testcase classname="skill.testscript1" name="test1" time="3.939"/>
  <system-out/>
</testsuite> <!-- skill.testscript1 -->
