<?xml version="1.0" encoding="UTF-8"?>
<!-- Generated by org.testng.reporters.JUnitReportReporter -->
<testsuite hostname="YASHWANTH" failures="0" tests="1" name="skill.testscript4" time="7.352" errors="0" timestamp="2023-10-06T09:11:38 IST" skipped="0">
  <testcase classname="skill.testscript4" name="test1" time="7.352"/>
  <system-out/>
</testsuite> <!-- skill.testscript4 -->
