<?xml version="1.0" encoding="UTF-8"?>
<!-- Generated by org.testng.reporters.JUnitReportReporter -->
<testsuite hostname="YashwanthGowda" failures="0" tests="1" name="skill.testscript4" time="7.336" errors="0" timestamp="2024-01-13T19:47:01 IST" skipped="0">
  <testcase classname="skill.testscript4" name="test1" time="7.336"/>
  <system-out/>
</testsuite> <!-- skill.testscript4 -->
