<?xml version="1.0" encoding="UTF-8"?>
<!-- Generated by org.testng.reporters.JUnitReportReporter -->
<testsuite hostname="YASHWANTH" failures="0" tests="1" name="skill.testscript1" time="5.680" errors="0" timestamp="2023-05-22T10:41:01 IST" skipped="0">
  <testcase classname="skill.testscript1" name="test1" time="5.680"/>
  <system-out/>
</testsuite> <!-- skill.testscript1 -->
