<?xml version="1.0" encoding="UTF-8"?>
<!-- Generated by org.testng.reporters.JUnitReportReporter -->
<testsuite hostname="YASHWANTH" failures="0" tests="1" name="skill.testscript3" time="5.003" errors="0" timestamp="2023-04-05T10:38:50 IST" skipped="0">
  <testcase classname="skill.testscript3" name="test1" time="5.003"/>
  <system-out/>
</testsuite> <!-- skill.testscript3 -->
