<?xml version="1.0" encoding="UTF-8"?>
<!-- Generated by org.testng.reporters.JUnitReportReporter -->
<testsuite hostname="YASHWANTH" failures="0" tests="1" name="skill.testscript2" time="11.285" errors="0" timestamp="2023-05-22T10:14:51 IST" skipped="0">
  <testcase classname="skill.testscript2" name="test1" time="11.285"/>
  <system-out/>
</testsuite> <!-- skill.testscript2 -->
