<?xml version="1.0" encoding="UTF-8"?>
<!-- Generated by org.testng.reporters.JUnitReportReporter -->
<testsuite hostname="YASHWANTH" failures="0" tests="1" name="skill.testscript3" time="13.821" errors="0" timestamp="2023-05-15T13:05:21 IST" skipped="0">
  <testcase classname="skill.testscript3" name="test1" time="13.821"/>
  <system-out/>
</testsuite> <!-- skill.testscript3 -->
