<?xml version="1.0" encoding="UTF-8"?>
<!-- Generated by org.testng.reporters.JUnitReportReporter -->
<testsuite hostname="YASHWANTH" failures="0" tests="1" name="skill.testscript4" time="3.231" errors="0" timestamp="2023-04-05T12:34:50 IST" skipped="0">
  <testcase classname="skill.testscript4" name="test1" time="3.231"/>
  <system-out/>
</testsuite> <!-- skill.testscript4 -->
