<?xml version="1.0" encoding="UTF-8"?>
<!-- Generated by org.testng.reporters.JUnitReportReporter -->
<testsuite hostname="YashwanthGowda" failures="0" tests="1" name="skill.testscript3" time="8.122" errors="0" timestamp="2024-01-13T19:46:40 IST" skipped="0">
  <testcase classname="skill.testscript3" name="test1" time="8.122"/>
  <system-out/>
</testsuite> <!-- skill.testscript3 -->
